c:\users\igor\desktop\sobel-edge-detection\sobelprototyp\sobelprototyp\x64\debug\vc143.pdb
c:\users\igor\desktop\sobel-edge-detection\sobelprototyp\sobelprototyp\x64\debug\vc143.idb
c:\users\igor\desktop\sobel-edge-detection\sobelprototyp\sobelprototyp\x64\debug\sobelprototyp.obj
c:\users\igor\desktop\sobel-edge-detection\sobelprototyp\sobelprototyp\x64\debug\grayscale.obj
c:\users\igor\desktop\sobel-edge-detection\sobelprototyp\sobelprototyp\x64\debug\gaussian.obj
c:\users\igor\desktop\sobel-edge-detection\sobelprototyp\sobelprototyp\x64\debug\utils.obj
c:\users\igor\desktop\sobel-edge-detection\sobelprototyp\sobelprototyp\x64\debug\sobel.obj
c:\users\igor\desktop\sobel-edge-detection\sobelprototyp\x64\debug\sobelprototyp.exe
c:\users\igor\desktop\sobel-edge-detection\sobelprototyp\x64\debug\sobelprototyp.pdb
c:\users\igor\desktop\sobel-edge-detection\sobelprototyp\sobelprototyp\x64\debug\sobelprototyp.ilk
c:\users\igor\desktop\sobel-edge-detection\sobelprototyp\sobelprototyp\x64\debug\sobelprototyp.tlog\cl.command.1.tlog
c:\users\igor\desktop\sobel-edge-detection\sobelprototyp\sobelprototyp\x64\debug\sobelprototyp.tlog\cl.items.tlog
c:\users\igor\desktop\sobel-edge-detection\sobelprototyp\sobelprototyp\x64\debug\sobelprototyp.tlog\cl.read.1.tlog
c:\users\igor\desktop\sobel-edge-detection\sobelprototyp\sobelprototyp\x64\debug\sobelprototyp.tlog\cl.write.1.tlog
c:\users\igor\desktop\sobel-edge-detection\sobelprototyp\sobelprototyp\x64\debug\sobelprototyp.tlog\link.6380-cvtres.read.1.tlog
c:\users\igor\desktop\sobel-edge-detection\sobelprototyp\sobelprototyp\x64\debug\sobelprototyp.tlog\link.6380-cvtres.write.1.tlog
c:\users\igor\desktop\sobel-edge-detection\sobelprototyp\sobelprototyp\x64\debug\sobelprototyp.tlog\link.6380-rc.read.1.tlog
c:\users\igor\desktop\sobel-edge-detection\sobelprototyp\sobelprototyp\x64\debug\sobelprototyp.tlog\link.6380-rc.write.1.tlog
c:\users\igor\desktop\sobel-edge-detection\sobelprototyp\sobelprototyp\x64\debug\sobelprototyp.tlog\link.6380.read.1.tlog
c:\users\igor\desktop\sobel-edge-detection\sobelprototyp\sobelprototyp\x64\debug\sobelprototyp.tlog\link.6380.read.2.tlog
c:\users\igor\desktop\sobel-edge-detection\sobelprototyp\sobelprototyp\x64\debug\sobelprototyp.tlog\link.6380.read.3.tlog
c:\users\igor\desktop\sobel-edge-detection\sobelprototyp\sobelprototyp\x64\debug\sobelprototyp.tlog\link.6380.read.4.tlog
c:\users\igor\desktop\sobel-edge-detection\sobelprototyp\sobelprototyp\x64\debug\sobelprototyp.tlog\link.6380.write.1.tlog
c:\users\igor\desktop\sobel-edge-detection\sobelprototyp\sobelprototyp\x64\debug\sobelprototyp.tlog\link.command.1.tlog
c:\users\igor\desktop\sobel-edge-detection\sobelprototyp\sobelprototyp\x64\debug\sobelprototyp.tlog\link.read.1.tlog
c:\users\igor\desktop\sobel-edge-detection\sobelprototyp\sobelprototyp\x64\debug\sobelprototyp.tlog\link.secondary.1.tlog
c:\users\igor\desktop\sobel-edge-detection\sobelprototyp\sobelprototyp\x64\debug\sobelprototyp.tlog\link.write.1.tlog
